[    0.000000] Linux version 4.15.0-144-generic (buildd@lgw01-amd64-031) (gcc version 7.5.0 (Ubuntu 7.5.0-3ubuntu1~18.04)) #148-Ubuntu SMP Sat May 8 02:33:43 UTC 2021 (Ubuntu 4.15.0-144.148-generic 4.15.18)
[    0.000000] Command line: BOOT_IMAGE=/boot/vmlinuz-4.15.0-144-generic root=LABEL=cloudimg-rootfs ro console=tty1 console=ttyS0
[    0.000000] KERNEL supported cpus:
[    0.000000]   Intel GenuineIntel
[    0.000000]   AMD AuthenticAMD
[    0.000000]   Centaur CentaurHauls
[    0.000000] [Firmware Bug]: TSC doesn't count with P0 frequency!
[    0.000000] x86/fpu: Supporting XSAVE feature 0x001: 'x87 floating point registers'
[    0.000000] x86/fpu: Supporting XSAVE feature 0x002: 'SSE registers'
[    0.000000] x86/fpu: Supporting XSAVE feature 0x004: 'AVX registers'
[    0.000000] x86/fpu: xstate_offset[2]:  576, xstate_sizes[2]:  256
[    0.000000] x86/fpu: Enabled xstate features 0x7, context size is 832 bytes, using 'standard' format.
[    0.000000] e820: BIOS-provided physical RAM map:
[    0.000000] BIOS-e820: [mem 0x0000000000000000-0x000000000009fbff] usable
[    0.000000] BIOS-e820: [mem 0x000000000009fc00-0x000000000009ffff] reserved
[    0.000000] BIOS-e820: [mem 0x00000000000f0000-0x00000000000fffff] reserved
[    0.000000] BIOS-e820: [mem 0x0000000000100000-0x000000003ffeffff] usable
[    0.000000] BIOS-e820: [mem 0x000000003fff0000-0x000000003fffffff] ACPI data
[    0.000000] BIOS-e820: [mem 0x00000000fec00000-0x00000000fec00fff] reserved
[    0.000000] BIOS-e820: [mem 0x00000000fee00000-0x00000000fee00fff] reserved
[    0.000000] BIOS-e820: [mem 0x00000000fffc0000-0x00000000ffffffff] reserved
[    0.000000] NX (Execute Disable) protection: active
[    0.000000] SMBIOS 2.5 present.
[    0.000000] DMI: innotek GmbH VirtualBox/VirtualBox, BIOS VirtualBox 12/01/2006
[    0.000000] Hypervisor detected: KVM
[    0.000000] e820: last_pfn = 0x3fff0 max_arch_pfn = 0x400000000
[    0.000000] MTRR: Disabled
[    0.000000] x86/PAT: MTRRs disabled, skipping PAT initialization too.
[    0.000000] CPU MTRRs all blank - virtualized system.
[    0.000000] x86/PAT: Configuration [0-7]: WB  WT  UC- UC  WB  WT  UC- UC  
[    0.000000] found SMP MP-table at [mem 0x0009fff0-0x0009ffff]
[    0.000000] Scanning 1 areas for low memory corruption
[    0.000000] RAMDISK: [mem 0x359cf000-0x36cdefff]
[    0.000000] ACPI: Early table checksum verification disabled
[    0.000000] ACPI: RSDP 0x00000000000E0000 000024 (v02 VBOX  )
[    0.000000] ACPI: XSDT 0x000000003FFF0030 00003C (v01 VBOX   VBOXXSDT 00000001 ASL  00000061)
[    0.000000] ACPI: FACP 0x000000003FFF00F0 0000F4 (v04 VBOX   VBOXFACP 00000001 ASL  00000061)
[    0.000000] ACPI: DSDT 0x000000003FFF0470 002325 (v02 VBOX   VBOXBIOS 00000002 INTL 20100528)
[    0.000000] ACPI: FACS 0x000000003FFF0200 000040
[    0.000000] ACPI: FACS 0x000000003FFF0200 000040
[    0.000000] ACPI: APIC 0x000000003FFF0240 00005C (v02 VBOX   VBOXAPIC 00000001 ASL  00000061)
[    0.000000] ACPI: SSDT 0x000000003FFF02A0 0001CC (v01 VBOX   VBOXCPUT 00000002 INTL 20100528)
[    0.000000] No NUMA configuration found
[    0.000000] Faking a node at [mem 0x0000000000000000-0x000000003ffeffff]
[    0.000000] NODE_DATA(0) allocated [mem 0x3ffc5000-0x3ffeffff]
[    0.000000] kvm-clock: cpu 0, msr 0:3ff44001, primary cpu clock
[    0.000000] kvm-clock: Using msrs 4b564d01 and 4b564d00
[    0.000000] kvm-clock: using sched offset of 11956236641 cycles
[    0.000000] clocksource: kvm-clock: mask: 0xffffffffffffffff max_cycles: 0x1cd42e4dffb, max_idle_ns: 881590591483 ns
[    0.000000] Zone ranges:
[    0.000000]   DMA      [mem 0x0000000000001000-0x0000000000ffffff]
[    0.000000]   DMA32    [mem 0x0000000001000000-0x000000003ffeffff]
[    0.000000]   Normal   empty
[    0.000000]   Device   empty
[    0.000000] Movable zone start for each node
[    0.000000] Early memory node ranges
[    0.000000]   node   0: [mem 0x0000000000001000-0x000000000009efff]
[    0.000000]   node   0: [mem 0x0000000000100000-0x000000003ffeffff]
[    0.000000] Reserved but unavailable: 98 pages
[    0.000000] Initmem setup node 0 [mem 0x0000000000001000-0x000000003ffeffff]
[    0.000000] ACPI: PM-Timer IO Port: 0x4008
[    0.000000] IOAPIC[0]: apic_id 2, version 32, address 0xfec00000, GSI 0-23
[    0.000000] ACPI: INT_SRC_OVR (bus 0 bus_irq 0 global_irq 2 dfl dfl)
[    0.000000] ACPI: INT_SRC_OVR (bus 0 bus_irq 9 global_irq 9 low level)
[    0.000000] Using ACPI (MADT) for SMP configuration information
[    0.000000] smpboot: Allowing 2 CPUs, 0 hotplug CPUs
[    0.000000] PM: Registered nosave memory: [mem 0x00000000-0x00000fff]
[    0.000000] PM: Registered nosave memory: [mem 0x0009f000-0x0009ffff]
[    0.000000] PM: Registered nosave memory: [mem 0x000a0000-0x000effff]
[    0.000000] PM: Registered nosave memory: [mem 0x000f0000-0x000fffff]
[    0.000000] e820: [mem 0x40000000-0xfebfffff] available for PCI devices
[    0.000000] Booting paravirtualized kernel on KVM
[    0.000000] clocksource: refined-jiffies: mask: 0xffffffff max_cycles: 0xffffffff, max_idle_ns: 7645519600211568 ns
[    0.000000] random: get_random_bytes called from start_kernel+0x99/0x500 with crng_init=0
[    0.000000] setup_percpu: NR_CPUS:8192 nr_cpumask_bits:2 nr_cpu_ids:2 nr_node_ids:1
[    0.000000] percpu: Embedded 45 pages/cpu s147456 r8192 d28672 u1048576
[    0.000000] PV qspinlock hash table entries: 256 (order: 0, 4096 bytes)
[    0.000000] Built 1 zonelists, mobility grouping on.  Total pages: 257913
[    0.000000] Policy zone: DMA32
[    0.000000] Kernel command line: BOOT_IMAGE=/boot/vmlinuz-4.15.0-144-generic root=LABEL=cloudimg-rootfs ro console=tty1 console=ttyS0
[    0.000000] Memory: 982716K/1048120K available (12300K kernel code, 2483K rwdata, 4316K rodata, 2448K init, 2724K bss, 65404K reserved, 0K cma-reserved)
[    0.000000] SLUB: HWalign=64, Order=0-3, MinObjects=0, CPUs=2, Nodes=1
[    0.000000] ftrace: allocating 39453 entries in 155 pages
[    0.004000] Hierarchical RCU implementation.
[    0.004000] 	RCU restricting CPUs from NR_CPUS=8192 to nr_cpu_ids=2.
[    0.004000] 	Tasks RCU enabled.
[    0.004000] RCU: Adjusting geometry for rcu_fanout_leaf=16, nr_cpu_ids=2
[    0.004000] NR_IRQS: 524544, nr_irqs: 440, preallocated irqs: 16
[    0.004000] Console: colour VGA+ 80x25
[    0.004000] console [tty1] enabled
[    0.004000] console [ttyS0] enabled
[    0.004000] ACPI: Core revision 20170831
[    0.004000] ACPI: 2 ACPI AML tables successfully acquired and loaded
[    0.004000] APIC: Switch to symmetric I/O mode setup
[    0.004000] x2apic enabled
[    0.004032] Switched APIC routing to physical x2apic.
[    0.016000] ..TIMER: vector=0x30 apic1=0 pin1=2 apic2=-1 pin2=-1
[    0.016013] tsc: Detected 1497.195 MHz processor
[    0.020049] Calibrating delay loop (skipped) preset value.. 2994.39 BogoMIPS (lpj=5988780)
[    0.024025] pid_max: default: 32768 minimum: 301
[    0.028188] Security Framework initialized
[    0.032028] Yama: becoming mindful.
[    0.035775] AppArmor: AppArmor initialized
[    0.044197] Dentry cache hash table entries: 131072 (order: 8, 1048576 bytes)
[    0.048337] Inode-cache hash table entries: 65536 (order: 7, 524288 bytes)
[    0.052209] Mount-cache hash table entries: 2048 (order: 2, 16384 bytes)
[    0.056059] Mountpoint-cache hash table entries: 2048 (order: 2, 16384 bytes)
[    0.060832] BIOS may not properly restore RDRAND after suspend, but hypervisor does not support hiding RDRAND via CPUID.
[    0.064171] Last level iTLB entries: 4KB 512, 2MB 8, 4MB 4
[    0.068025] Last level dTLB entries: 4KB 512, 2MB 256, 4MB 128, 1GB 0
[    0.072026] Spectre V1 : Mitigation: usercopy/swapgs barriers and __user pointer sanitization
[    0.076022] Spectre V2 : Spectre mitigation: LFENCE not serializing, switching to generic retpoline
[    0.084021] Spectre V2 : Mitigation: Full generic retpoline
[    0.088000] Spectre V2 : Spectre v2 / SpectreRSB mitigation: Filling RSB on context switch
[    0.088054] Speculative Store Bypass: Mitigation: Speculative Store Bypass disabled via prctl and seccomp
[    0.092512] Freeing SMP alternatives memory: 36K
[    0.216058] APIC calibration not consistent with PM-Timer: 105ms instead of 100ms
[    0.220000] APIC delta adjusted to PM-Timer: 6428915 (6750385)
[    0.220450] smpboot: CPU0: AMD E2-6110 APU with AMD Radeon R2 Graphics (family: 0x16, model: 0x30, stepping: 0x1)
[    0.224385] Performance Events: PMU not available due to virtualization, using software events only.
[    0.228266] Hierarchical SRCU implementation.
[    0.234767] NMI watchdog: Perf event create on CPU 0 failed with -2
[    0.236000] NMI watchdog: Perf NMI watchdog permanently disabled
[    0.236359] smp: Bringing up secondary CPUs ...
[    0.240531] x86: Booting SMP configuration:
[    0.243438] .... node  #0, CPUs:      #1
[    0.004000] kvm-clock: cpu 1, msr 0:3ff44041, secondary cpu clock
[    0.261039] smp: Brought up 1 node, 2 CPUs
[    0.263128] smpboot: Max logical packages: 1
[    0.264000] smpboot: Total of 2 processors activated (5988.78 BogoMIPS)
[    0.264562] devtmpfs: initialized
[    0.268338] x86/mm: Memory block size: 128MB
[    0.277725] evm: security.selinux
[    0.284036] evm: security.SMACK64
[    0.288028] evm: security.SMACK64EXEC
[    0.292027] evm: security.SMACK64TRANSMUTE
[    0.296025] evm: security.SMACK64MMAP
[    0.300016] evm: security.apparmor
[    0.308029] evm: security.ima
[    0.311185] evm: security.capability
[    0.316320] clocksource: jiffies: mask: 0xffffffff max_cycles: 0xffffffff, max_idle_ns: 7645041785100000 ns
[    0.324117] futex hash table entries: 512 (order: 3, 32768 bytes)
[    0.336000] pinctrl core: initialized pinctrl subsystem
[    0.340547] RTC time:  5:30:10, date: 06/24/21
[    0.349269] NET: Registered protocol family 16
[    0.360422] audit: initializing netlink subsys (disabled)
[    0.368330] audit: type=2000 audit(1624512623.676:1): state=initialized audit_enabled=0 res=1
[    0.372167] cpuidle: using governor ladder
[    0.376209] cpuidle: using governor menu
[    0.380404] ACPI: bus type PCI registered
[    0.383671] acpiphp: ACPI Hot Plug PCI Controller Driver version: 0.5
[    0.388501] PCI: Using configuration type 1 for base access
[    0.396026] PCI: Using configuration type 1 for extended access
[    0.412198] HugeTLB registered 2.00 MiB page size, pre-allocated 0 pages
[    0.420341] ACPI: Added _OSI(Module Device)
[    0.424056] ACPI: Added _OSI(Processor Device)
[    0.428036] ACPI: Added _OSI(3.0 _SCP Extensions)
[    0.432091] ACPI: Added _OSI(Processor Aggregator Device)
[    0.440048] ACPI: Added _OSI(Linux-Dell-Video)
[    0.448029] ACPI: Added _OSI(Linux-Lenovo-NV-HDMI-Audio)
[    0.452032] ACPI: Added _OSI(Linux-HPI-Hybrid-Graphics)
[    0.460501] ACPI: Executed 1 blocks of module-level executable AML code
[    0.486988] ACPI: Interpreter enabled
[    0.492144] ACPI: (supports S0 S5)
[    0.496099] ACPI: Using IOAPIC for interrupt routing
[    0.505338] PCI: Using host bridge windows from ACPI; if necessary, use "pci=nocrs" and report a bug
[    0.516701] ACPI: Enabled 2 GPEs in block 00 to 07
[    0.576119] ACPI: PCI Root Bridge [PCI0] (domain 0000 [bus 00-ff])
[    0.580064] acpi PNP0A03:00: _OSC: OS supports [ExtendedConfig ASPM ClockPM Segments MSI]
[    0.598309] acpi PNP0A03:00: _OSC: platform does not support [PCIeCapability]
[    0.606313] acpi PNP0A03:00: _OSC: not requesting control; platform does not support [PCIeCapability]
[    0.616077] acpi PNP0A03:00: _OSC: OS requested [PCIeHotplug PME AER PCIeCapability]
[    0.628038] acpi PNP0A03:00: _OSC: platform willing to grant [PCIeHotplug PME AER]
[    0.632029] acpi PNP0A03:00: _OSC failed (AE_SUPPORT); disabling ASPM
[    0.640278] PCI host bridge to bus 0000:00
[    0.642677] pci_bus 0000:00: root bus resource [io  0x0000-0x0cf7 window]
[    0.648051] pci_bus 0000:00: root bus resource [io  0x0d00-0xffff window]
[    0.656038] pci_bus 0000:00: root bus resource [mem 0x000a0000-0x000bffff window]
[    0.660037] pci_bus 0000:00: root bus resource [mem 0x40000000-0xfdffffff window]
[    0.668049] pci_bus 0000:00: root bus resource [bus 00-ff]
[    0.698826] pci 0000:00:01.1: legacy IDE quirk: reg 0x10: [io  0x01f0-0x01f7]
[    0.704015] pci 0000:00:01.1: legacy IDE quirk: reg 0x14: [io  0x03f6]
[    0.708024] pci 0000:00:01.1: legacy IDE quirk: reg 0x18: [io  0x0170-0x0177]
[    0.712045] pci 0000:00:01.1: legacy IDE quirk: reg 0x1c: [io  0x0376]
[    0.792512] pci 0000:00:07.0: quirk: [io  0x4000-0x403f] claimed by PIIX4 ACPI
[    0.796152] pci 0000:00:07.0: quirk: [io  0x4100-0x410f] claimed by PIIX4 SMB
[    0.840000] ACPI: PCI Interrupt Link [LNKA] (IRQs 5 9 10 *11)
[    0.848429] ACPI: PCI Interrupt Link [LNKB] (IRQs 5 9 *10 11)
[    0.852777] ACPI: PCI Interrupt Link [LNKC] (IRQs 5 *9 10 11)
[    0.861203] ACPI: PCI Interrupt Link [LNKD] (IRQs 5 9 10 *11)
[    0.873950] SCSI subsystem initialized
[    0.880204] pci 0000:00:02.0: vgaarb: setting as boot VGA device
[    0.883929] pci 0000:00:02.0: vgaarb: VGA device added: decodes=io+mem,owns=io+mem,locks=none
[    0.892041] pci 0000:00:02.0: vgaarb: bridge control possible
[    0.896027] vgaarb: loaded
[    0.900203] ACPI: bus type USB registered
[    0.904094] usbcore: registered new interface driver usbfs
[    0.908041] usbcore: registered new interface driver hub
[    0.912066] usbcore: registered new device driver usb
[    0.920599] EDAC MC: Ver: 3.0.0
[    0.924825] PCI: Using ACPI for IRQ routing
[    0.933368] NetLabel: Initializing
[    0.936000] NetLabel:  domain hash size = 128
[    0.936023] NetLabel:  protocols = UNLABELED CIPSOv4 CALIPSO
[    0.940096] NetLabel:  unlabeled traffic allowed by default
[    0.948280] clocksource: Switched to clocksource kvm-clock
[    1.026309] VFS: Disk quotas dquot_6.6.0
[    1.028991] VFS: Dquot-cache hash table entries: 512 (order 0, 4096 bytes)
[    1.034252] AppArmor: AppArmor Filesystem Enabled
[    1.039976] pnp: PnP ACPI init
[    1.051460] pnp: PnP ACPI: found 3 devices
[    1.075502] clocksource: acpi_pm: mask: 0xffffff max_cycles: 0xffffff, max_idle_ns: 2085701024 ns
[    1.082514] NET: Registered protocol family 2
[    1.088228] TCP established hash table entries: 8192 (order: 4, 65536 bytes)
[    1.092665] TCP bind hash table entries: 8192 (order: 5, 131072 bytes)
[    1.102772] TCP: Hash tables configured (established 8192 bind 8192)
[    1.107062] UDP hash table entries: 512 (order: 2, 16384 bytes)
[    1.111758] UDP-Lite hash table entries: 512 (order: 2, 16384 bytes)
[    1.120122] NET: Registered protocol family 1
[    1.123203] pci 0000:00:00.0: Limiting direct PCI/PCI transfers
[    1.127587] pci 0000:00:01.0: Activating ISA DMA hang workarounds
[    1.131901] pci 0000:00:02.0: Video device with shadowed ROM at [mem 0x000c0000-0x000dffff]
[    1.137549] Unpacking initramfs...
[    2.426329] Freeing initrd memory: 19520K
[    2.429679] clocksource: tsc: mask: 0xffffffffffffffff max_cycles: 0x1594c8e3685, max_idle_ns: 440795214071 ns
[    2.435711] platform rtc_cmos: registered platform RTC device (no PNP device found)
[    2.440533] Scanning for low memory corruption every 60 seconds
[    2.449457] Initialise system trusted keyrings
[    2.452391] Key type blacklist registered
[    2.458690] workingset: timestamp_bits=36 max_order=18 bucket_order=0
[    2.467065] zbud: loaded
[    2.470376] squashfs: version 4.0 (2009/01/31) Phillip Lougher
[    2.474808] fuse init (API version 7.26)
[    2.492764] Key type asymmetric registered
[    2.495366] Asymmetric key parser 'x509' registered
[    2.498566] Block layer SCSI generic (bsg) driver version 0.4 loaded (major 246)
[    2.503095] io scheduler noop registered
[    2.506430] io scheduler deadline registered
[    2.509032] io scheduler cfq registered (default)
[    2.512827] ACPI: AC Adapter [AC] (on-line)
[    2.516024] input: Power Button as /devices/LNXSYSTM:00/LNXPWRBN:00/input/input0
[    2.526383] ACPI: Power Button [PWRF]
[    2.529224] input: Sleep Button as /devices/LNXSYSTM:00/LNXSLPBN:00/input/input1
[    2.533788] ACPI: Sleep Button [SLPF]
[    2.539474] Serial: 8250/16550 driver, 32 ports, IRQ sharing enabled
[    2.542557] ACPI: Battery Slot [BAT0] (battery present)
[    2.570242] 00:02: ttyS0 at I/O 0x3f8 (irq = 4, base_baud = 115200) is a 16550A
[    2.586720] Linux agpgart interface v0.103
[    2.598825] loop: module loaded
[    2.605031] scsi host0: ata_piix
[    2.608417] scsi host1: ata_piix
[    2.610583] ata1: PATA max UDMA/33 cmd 0x1f0 ctl 0x3f6 bmdma 0xd000 irq 14
[    2.614490] ata2: PATA max UDMA/33 cmd 0x170 ctl 0x376 bmdma 0xd008 irq 15
[    2.630061] libphy: Fixed MDIO Bus: probed
[    2.632714] tun: Universal TUN/TAP device driver, 1.6
[    2.636192] PPP generic driver version 2.4.2
[    2.638959] ehci_hcd: USB 2.0 'Enhanced' Host Controller (EHCI) Driver
[    2.642640] ehci-pci: EHCI PCI platform driver
[    2.645307] ehci-platform: EHCI generic platform driver
[    2.648333] ohci_hcd: USB 1.1 'Open' Host Controller (OHCI) Driver
[    2.653599] ohci-pci: OHCI PCI platform driver
[    2.656419] ohci-platform: OHCI generic platform driver
[    2.659746] uhci_hcd: USB Universal Host Controller Interface driver
[    2.664386] i8042: PNP: PS/2 Controller [PNP0303:PS2K,PNP0f03:PS2M] at 0x60,0x64 irq 1,12
[    2.684893] serio: i8042 KBD port at 0x60,0x64 irq 1
[    2.689338] serio: i8042 AUX port at 0x60,0x64 irq 12
[    2.694748] mousedev: PS/2 mouse device common for all mice
[    2.702622] input: AT Translated Set 2 keyboard as /devices/platform/i8042/serio0/input/input2
[    2.704266] rtc_cmos rtc_cmos: rtc core: registered rtc_cmos as rtc0
[    2.711557] rtc_cmos rtc_cmos: alarms up to one day, 114 bytes nvram
[    2.715913] i2c /dev entries driver
[    2.718235] device-mapper: uevent: version 1.0.3
[    2.721551] device-mapper: ioctl: 4.37.0-ioctl (2017-09-20) initialised: dm-devel@redhat.com
[    2.727625] ledtrig-cpu: registered to indicate activity on CPUs
[    2.736218] x86/pm: family 0x16 cpu detected, MSR saving is needed during suspending.
[    2.741742] NET: Registered protocol family 10
[    2.762394] Segment Routing with IPv6
[    2.765745] NET: Registered protocol family 17
[    2.769069] Key type dns_resolver registered
[    2.772929] mce: Using 0 MCE banks
[    2.776459] RAS: Correctable Errors collector initialized.
[    2.779797] sched_clock: Marking stable (2776336539, 0)->(3538983161, -762646622)
[    2.786101] registered taskstats version 1
[    2.788653] Loading compiled-in X.509 certificates
[    2.845174] Loaded X.509 cert 'Build time autogenerated kernel key: 1e5516648b223d94d04ce7d99e6048c9b3ebcb77'
[    2.853190] Loaded X.509 cert 'Canonical Ltd. Live Patch Signing: 14df34d1a87cf37625abec039ef2bf521249b969'
[    2.862671] Loaded X.509 cert 'Canonical Ltd. Kernel Module Signing: 88f752e560a1e0737e31163a466ad7b70a850c19'
[    2.869202] zswap: loaded using pool lzo/zbud
[    2.886170] Key type big_key registered
[    2.890107] Key type trusted registered
[    2.900818] Key type encrypted registered
[    2.908341] AppArmor: AppArmor sha1 policy hashing enabled
[    2.913257] ima: No TPM chip found, activating TPM-bypass! (rc=-19)
[    2.917108] ima: Allocated hash algorithm: sha1
[    2.919971] evm: HMAC attrs: 0x1
[    2.924077]   Magic number: 9:808:517
[    2.926744] rtc_cmos rtc_cmos: setting system clock to 2021-06-24 05:30:12 UTC (1624512612)
[    2.932896] BIOS EDD facility v0.16 2004-Jun-25, 0 devices found
[    2.938182] EDD information not available.
[    2.950819] Freeing unused kernel image memory: 2448K
[    2.984551] Write protecting the kernel read-only data: 20480k
[    2.991462] Freeing unused kernel image memory: 2008K
[    2.996181] Freeing unused kernel image memory: 1828K
[    3.026487] x86/mm: Checked W+X mappings: passed, no W+X pages found.
Loading, please wait...
starting version 237
[    3.410295] Fusion MPT base driver 3.04.20
[    3.412923] Copyright (c) 1999-2008 LSI Corporation
[    3.431713] e1000: Intel(R) PRO/1000 Network Driver - version 7.3.21-k8-NAPI
[    3.438582] e1000: Copyright (c) 1999-2006 Intel Corporation.
[    3.487787] Fusion MPT SPI Host driver 3.04.20
[    3.572739] AVX version of gcm_enc/dec engaged.
[    3.575714] AES CTR mode by8 optimization enabled
[    3.637929] input: ImExPS/2 Generic Explorer Mouse as /devices/platform/i8042/serio1/input/input4
[    4.192993] e1000 0000:00:03.0 eth0: (PCI:33MHz:32-bit) 02:98:b0:9b:6c:78
[    4.197023] e1000 0000:00:03.0 eth0: Intel(R) PRO/1000 Network Connection
[    4.205277] e1000 0000:00:03.0 enp0s3: renamed from eth0
[    4.205318] mptbase: ioc0: Initiating bringup
[    4.405839] ioc0: LSI53C1030 A0: Capabilities={Initiator}
[    4.653285] scsi host2: ioc0: LSI53C1030 A0, FwRev=00000000h, Ports=1, MaxQ=256, IRQ=20
[    5.777696] scsi 2:0:0:0: Direct-Access     VBOX     HARDDISK         1.0  PQ: 0 ANSI: 5
[    6.189933] scsi target2:0:0: Beginning Domain Validation
[    6.196699] scsi target2:0:0: Domain Validation skipping write tests
[    6.203521] scsi target2:0:0: Ending Domain Validation
[    6.211814] scsi target2:0:0: asynchronous
[    6.217605] random: fast init done
[    6.222097] scsi 2:0:1:0: Direct-Access     VBOX     HARDDISK         1.0  PQ: 0 ANSI: 5
[    6.345131] scsi target2:0:1: Beginning Domain Validation
[    6.354290] scsi target2:0:1: Domain Validation skipping write tests
[    6.358196] scsi target2:0:1: Ending Domain Validation
[    6.364851] scsi target2:0:1: asynchronous
[    6.386524] random: systemd-udevd: uninitialized urandom read (16 bytes read)
[    6.392982] sd 2:0:0:0: Attached scsi generic sg0 type 0
[    6.393521] sd 2:0:0:0: [sda] 83886080 512-byte logical blocks: (42.9 GB/40.0 GiB)
[    6.396789] sd 2:0:1:0: Attached scsi generic sg1 type 0
[    6.400736] random: systemd-udevd: uninitialized urandom read (16 bytes read)
[    6.409843] random: systemd-udevd: uninitialized urandom read (16 bytes read)
[    6.410054] sd 2:0:0:0: [sda] Write Protect is off
[    6.416527] sd 2:0:1:0: [sdb] 20480 512-byte logical blocks: (10.5 MB/10.0 MiB)
[    6.424178] sd 2:0:1:0: [sdb] Write Protect is off
[    6.427900] sd 2:0:0:0: [sda] Incomplete mode parameter data
[    6.428356] sd 2:0:1:0: [sdb] Incomplete mode parameter data
[    6.431191] sd 2:0:0:0: [sda] Assuming drive cache: write through
[    6.434522] sd 2:0:1:0: [sdb] Assuming drive cache: write through
[    6.473426]  sda: sda1
[    6.478026] sd 2:0:0:0: [sda] Attached SCSI disk
[    6.489648] sd 2:0:1:0: [sdb] Attached SCSI disk
Begin: Loading essential drivers ... [    9.428354] raid6: sse2x1   gen()   756 MB/s
[    9.477153] raid6: sse2x1   xor()  1193 MB/s
[    9.528343] raid6: sse2x2   gen()   756 MB/s
[    9.576879] raid6: sse2x2   xor()  1752 MB/s
[    9.628493] raid6: sse2x4   gen()   912 MB/s
[    9.677422] raid6: sse2x4   xor()  1732 MB/s
[    9.680386] raid6: using algorithm sse2x4 gen() 912 MB/s
[    9.683697] raid6: .... xor() 1732 MB/s, rmw enabled
[    9.687474] raid6: using ssse3x2 recovery algorithm
[    9.695408] xor: automatically using best checksumming function   avx       
[    9.703930] async_tx: api initialized (async)
done.
Begin: Running /scripts/init-premount ... done.
Begin: Mounting root file system ... Begin: Running /scripts/local-top ... done.
Begin: Running /scripts/local-premount ... [    9.933520] Btrfs loaded, crc32c=crc32c-intel
Scanning for Btrfs filesystems
done.
Warning: fsck not present, so skipping root file system
[   10.104362] EXT4-fs (sda1): mounted filesystem with ordered data mode. Opts: (null)
done.
Begin: Running /scripts/local-bottom ... done.
Begin: Running /scripts/init-bottom ... done.
[   14.116712] ip_tables: (C) 2000-2006 Netfilter Core Team
[   14.294395] random: crng init done
[   14.298879] random: 7 urandom warning(s) missed due to ratelimiting
[   14.702637] systemd[1]: systemd 237 running in system mode. (+PAM +AUDIT +SELINUX +IMA +APPARMOR +SMACK +SYSVINIT +UTMP +LIBCRYPTSETUP +GCRYPT +GNUTLS +ACL +XZ +LZ4 +SECCOMP +BLKID +ELFUTILS +KMOD -IDN2 +IDN -PCRE2 default-hierarchy=hybrid)
[   14.719623] systemd[1]: Detected virtualization oracle.
[   14.723058] systemd[1]: Detected architecture x86-64.

Welcome to [1mUbuntu 18.04.5 LTS[0m!

[   14.772649] systemd[1]: Set hostname to <ubuntu>.
[   15.137562] systemd[1]: Initializing machine ID from random generator.
[   15.144648] systemd[1]: Installed transient /etc/machine-id file.
[   19.410050] systemd[1]: Set up automount Arbitrary Executable File Formats File System Automount Point.
[[0;32m  OK  [0m] Set up automount Arbitrary Executab…rmats File System Automount Point.
[   19.429197] systemd[1]: Reached target Swap.
[[0;32m  OK  [0m] Reached target Swap.
[   19.435156] systemd[1]: Reached target System Time Synchronized.
[[0;32m  OK  [0m] Reached target System Time Synchronized.
[   19.443211] systemd[1]: Started Forward Password Requests to Wall Directory Watch.
[[0;32m  OK  [0m] Started Forward Password Requests to Wall Directory Watch.
[[0;32m  OK  [0m] Created slice System Slice.
[[0;32m  OK  [0m] Listening on Journal Audit Socket.
[[0;32m  OK  [0m] Listening on udev Control Socket.
[[0;32m  OK  [0m] Listening on Network Service Netlink Socket.
[[0;32m  OK  [0m] Listening on Syslog Socket.
[[0;32m  OK  [0m] Listening on fsck to fsckd communication Socket.
[[0;32m  OK  [0m] Listening on /dev/initctl Compatibility Named Pipe.
[[0;32m  OK  [0m] Listening on LVM2 metadata daemon socket.
[[0;32m  OK  [0m] Listening on Journal Socket.
         Starting Uncomplicated firewall...
         Mounting Huge Pages File System...
         Starting Create list of required st…ce nodes for the current kernel...
         Mounting Kernel Debug File System...
[[0;32m  OK  [0m] Listening on LVM2 poll daemon socket.
[[0;32m  OK  [0m] Listening on Device-mapper event daemon FIFOs.
         Starting Monitoring of LVM2 mirrors…ng dmeventd or progress polling...
[[0;32m  OK  [0m] Listening on Journal Socket (/dev/log).
         Starting Set the console keyboard layout...
[   20.077348] systemd[1]: Starting Load Kernel Modules...
         Starting Load Kernel Modules...
[   20.083300] systemd[1]: Listening on udev Kernel Socket.
[[0;32m  OK  [0m] Listening on udev Kernel Socket.
[   20.097585] systemd[1]: Starting File System Check on Root Device...
         Starting File System Check on Root Device...
[   20.113092] systemd[1]: Created slice system-serial\x2dgetty.slice.
[[0;32m  OK  [0m] Created slice system-serial\x2dgetty.slice.
[   20.124700] systemd[1]: Starting udev Coldplug all Devices...
         Starting udev Coldplug all Devices...
[   20.145188] systemd[1]: Mounting POSIX Message Queue File System...
         Mounting POSIX Message Queue File System...
[   20.167116] systemd[1]: Starting Journal Service...
         Starting Journal Service...
[   20.194366] systemd[1]: Created slice User and Session Slice.
[[0;32m  OK  [0m] Created slice User and Session Slice.
[   20.218898] systemd[1]: Reached target Slices.
[[0;32m  OK  [0m] Reached target Slices.
[   20.240782] systemd[1]: Reached target User and Group Name Lookups.
[[0;32m  OK  [0m] Reached target User and Group Name Lookups.
[[0;32m  OK  [0m] Started Uncomplicated firewall.
[[0;32m  OK  [0m] Mounted Huge Pages File System.
[[0;32m  OK  [0m] Started Create list of required sta…vice nodes for the current kernel.
[[0;32m  OK  [0m] Mounted Kernel Debug File System.
[[0;32m  OK  [0m] Mounted POSIX Message Queue File System.
[[0;32m  OK  [0m] Started File System Check Daemon to report status.
         Starting Create Static Device Nodes in /dev...
[   20.396959] Loading iSCSI transport class v2.0-870.
[[0;32m  OK  [0m] Started udev Coldplug all Devices.
[[0;32m  OK  [0m] Started File System Check on Root Device.
[[0;32m  OK  [0m] Started Journal Service.
         Starting Remount Root and Kernel File Systems...
[   21.074346] iscsi: registered transport (tcp)
[[0;32m  OK  [0m] Started LVM2 metadata daemon.
[   21.229023] EXT4-fs (sda1): re-mounted. Opts: (null)
[[0;32m  OK  [0m] Started Remount Root and Kernel File Systems.
         Starting Load/Save Random Seed...
         Starting Flush Journal to Persistent Storage...
[[0;32m  OK  [0m] Started Set the console keyboard layout.
[[0;32m  OK  [0m] Started Create Static Device Nodes in /dev.
         Starting udev Kernel Device Manager...
[   21.393192] systemd-journald[408]: Received request to flush runtime journal from PID 1
[[0;32m  OK  [0m] Started Load/Save Random Seed.
[[0;32m  OK  [0m] Started Monitoring of LVM2 mirrors,…sing dmeventd or progress polling.
[[0;32m  OK  [0m] Reached target Local File Systems (Pre).
[[0;32m  OK  [0m] Reached target Local File Systems.
         Starting Tell Plymouth To Write Out Runtime Data...
         Starting AppArmor initialization...
         Starting Set console font and keymap...
         Starting Commit a transient machine-id on disk...
         Starting ebtables ruleset management...
[[0;32m  OK  [0m] Started Tell Plymouth To Write Out Runtime Data.
[[0;32m  OK  [0m] Started Set console font and keymap.
[[0;32m  OK  [0m] Started Flush Journal to Persistent Storage.
[[0;32m  OK  [0m] Started Commit a transient machine-id on disk.
         Starting Create Volatile Files and Directories...
[   22.417143] iscsi: registered transport (iser)
[[0;32m  OK  [0m] Started Load Kernel Modules.
[[0;32m  OK  [0m] Started udev Kernel Device Manager.
[[0;32m  OK  [0m] Started Create Volatile Files and Directories.
         Starting Update UTMP about System Boot/Shutdown...
[[0;32m  OK  [0m] Started Dispatch Password Requests to Console Directory Watch.
[[0;32m  OK  [0m] Reached target Local Encrypted Volumes.
         Starting Apply Kernel Variables...
         Mounting Kernel Configuration File System...
         Mounting FUSE Control File System...
[[0;32m  OK  [0m] Mounted Kernel Configuration File System.
[[0;32m  OK  [0m] Started Update UTMP about System Boot/Shutdown.
[[0;32m  OK  [0m] Mounted FUSE Control File System.
[[0;32m  OK  [0m] Started ebtables ruleset management.
[[0;32m  OK  [0m] Started Apply Kernel Variables.
[[0;32m  OK  [0m] Found device /dev/ttyS0.
[[0;32m  OK  [0m] Listening on Load/Save RF Kill Switch Status /dev/rfkill Watch.
[[0;32m  OK  [0m] Started AppArmor initialization.
         Starting Load AppArmor profiles managed internally by snapd...
         Starting Initial cloud-init job (pre-networking)...
[[0;32m  OK  [0m] Started Load AppArmor profiles managed internally by snapd.
[   40.399412] cloud-init[566]: Cloud-init v. 21.1-19-gbad84ad4-0ubuntu1~18.04.2 running 'init-local' at Thu, 24 Jun 2021 05:30:47 +0000. Up 38.01 seconds.
[[0;32m  OK  [0m] Started Initial cloud-init job (pre-networking).
[[0;32m  OK  [0m] Reached target Network (Pre).
         Starting Network Service...
[[0;32m  OK  [0m] Started Network Service.
         Starting Network Name Resolution...
         Starting Wait for Network to be Configured...
[[0;32m  OK  [0m] Started Network Name Resolution.
[[0;32m  OK  [0m] Reached target Host and Network Name Lookups.
[[0;32m  OK  [0m] Reached target Network.
[[0;32m  OK  [0m] Started Wait for Network to be Configured.
         Starting Initial cloud-init job (metadata service crawler)...
[   48.261288] cloud-init[665]: Cloud-init v. 21.1-19-gbad84ad4-0ubuntu1~18.04.2 running 'init' at Thu, 24 Jun 2021 05:30:56 +0000. Up 46.95 seconds.
[   48.272207] cloud-init[665]: ci-info: ++++++++++++++++++++++++++++++++++++++Net device info++++++++++++++++++++++++++++++++++++++
[   48.278815] cloud-init[665]: ci-info: +--------+------+----------------------------+---------------+--------+-------------------+
[   48.286890] cloud-init[665]: ci-info: | Device |  Up  |          Address           |      Mask     | Scope  |     Hw-Address    |
[   48.296566] cloud-init[665]: ci-info: +--------+------+----------------------------+---------------+--------+-------------------+
[   48.303301] cloud-init[665]: ci-info: | enp0s3 | True |         10.0.2.15          | 255.255.255.0 | global | 02:98:b0:9b:6c:78 |
[   48.310571] cloud-init[665]: ci-info: | enp0s3 | True | fe80::98:b0ff:fe9b:6c78/64 |       .       |  link  | 02:98:b0:9b:6c:78 |
[   48.348059] cloud-init[665]: ci-info: |   lo   | True |         127.0.0.1          |   255.0.0.0   |  host  |         .         |
[   48.356904] cloud-init[665]: ci-info: |   lo   | True |          ::1/128           |       .       |  host  |         .         |
[   48.363596] cloud-init[665]: ci-info: +--------+------+----------------------------+---------------+--------+-------------------+
[   48.373010] cloud-init[665]: ci-info: ++++++++++++++++++++++++++++Route IPv4 info+++++++++++++++++++++++++++++
[   48.381322] cloud-init[665]: ci-info: +-------+-------------+----------+-----------------+-----------+-------+
[   48.395053] cloud-init[665]: ci-info: | Route | Destination | Gateway  |     Genmask     | Interface | Flags |
[   48.407533] cloud-init[665]: ci-info: +-------+-------------+----------+-----------------+-----------+-------+
[   48.414669] cloud-init[665]: ci-info: |   0   |   0.0.0.0   | 10.0.2.2 |     0.0.0.0     |   enp0s3  |   UG  |
[   48.423569] cloud-init[665]: ci-info: |   1   |   10.0.2.0  | 0.0.0.0  |  255.255.255.0  |   enp0s3  |   U   |
[   48.453459] cloud-init[665]: ci-info: |   2   |   10.0.2.2  | 0.0.0.0  | 255.255.255.255 |   enp0s3  |   UH  |
[   48.459158] cloud-init[665]: ci-info: +-------+-------------+----------+-----------------+-----------+-------+
[   48.467931] cloud-init[665]: ci-info: +++++++++++++++++++Route IPv6 info+++++++++++++++++++
[   48.473995] cloud-init[665]: ci-info: +-------+-------------+---------+-----------+-------+
[   48.483641] cloud-init[665]: ci-info: | Route | Destination | Gateway | Interface | Flags |
[   48.497177] cloud-init[665]: ci-info: +-------+-------------+---------+-----------+-------+
[   48.504904] cloud-init[665]: ci-info: |   1   |  fe80::/64  |    ::   |   enp0s3  |   U   |
[   48.510573] cloud-init[665]: ci-info: |   3   |    local    |    ::   |   enp0s3  |   U   |
[   48.516079] cloud-init[665]: ci-info: |   4   |   ff00::/8  |    ::   |   enp0s3  |   U   |
[   48.522410] cloud-init[665]: ci-info: +-------+-------------+---------+-----------+-------+
[   53.948167] cloud-init[665]: Generating public/private rsa key pair.
[   53.955998] cloud-init[665]: Your identification has been saved in /etc/ssh/ssh_host_rsa_key.
[   53.962163] cloud-init[665]: Your public key has been saved in /etc/ssh/ssh_host_rsa_key.pub.
[   53.968405] cloud-init[665]: The key fingerprint is:
[   53.973528] cloud-init[665]: SHA256:lkt+e0XM+iNZrfN9HcbL9qklhRuP1pgm5DY4hGxNSK0 root@ubuntu-bionic
[   53.982115] cloud-init[665]: The key's randomart image is:
[   53.988406] cloud-init[665]: +---[RSA 2048]----+
[   53.995431] cloud-init[665]: |       ..        |
[   53.998195] cloud-init[665]: |      . ..       |
[   54.002729] cloud-init[665]: |       ...   o   |
[   54.006943] cloud-init[665]: |      .E+.    =  |
[   54.009593] cloud-init[665]: |       +So . =.o |
[   54.024757] cloud-init[665]: |      .+..+ . %+.|
[   54.028841] cloud-init[665]: |        oo.= &o=+|
[   54.032226] cloud-init[665]: |         .o.O B+=|
[   54.035974] cloud-init[665]: |          .. oo=*|
[   54.053259] cloud-init[665]: +----[SHA256]-----+
[   54.057932] cloud-init[665]: Generating public/private dsa key pair.
[   54.076894] cloud-init[665]: Your identification has been saved in /etc/ssh/ssh_host_dsa_key.
[   54.084776] cloud-init[665]: Your public key has been saved in /etc/ssh/ssh_host_dsa_key.pub.
[   54.092170] cloud-init[665]: The key fingerprint is:
[   54.096457] cloud-init[665]: SHA256:fGJpqhEezmCwjAfLnvZcj3UOu7fSfSjg2MXd+g4bp0M root@ubuntu-bionic
[   54.102724] cloud-init[665]: The key's randomart image is:
[   54.107282] cloud-init[665]: +---[DSA 1024]----+
[   54.120847] cloud-init[665]: |                 |
[   54.124528] cloud-init[665]: |                 |
[   54.129987] cloud-init[665]: |o                |
[   54.148624] cloud-init[665]: |+=     . .       |
[   54.152256] cloud-init[665]: |+o+ o   S o .    |
[   54.155711] cloud-init[665]: |.o.= o = = E .   |
[   54.159895] cloud-init[665]: | +  =.=o+.ooo.   |
[   54.169614] cloud-init[665]: |. o .+++=+ =*.   |
[   54.174526] cloud-init[665]: |   o.. ++ooo=o   |
[   54.189184] cloud-init[665]: +----[SHA256]-----+
[   54.192302] cloud-init[665]: Generating public/private ecdsa key pair.
[   54.197137] cloud-init[665]: Your identification has been saved in /etc/ssh/ssh_host_ecdsa_key.
[   54.202350] cloud-init[665]: Your public key has been saved in /etc/ssh/ssh_host_ecdsa_key.pub.
[   54.206981] cloud-init[665]: The key fingerprint is:
[   54.221607] cloud-init[665]: SHA256:NDxUDA0KiiG9wstg0EG9PzboyN8n7YDLe9qMRnuonGw root@ubuntu-bionic
[   54.248779] cloud-init[665]: The key's randomart image is:
[   54.265558] cloud-init[665]: +---[ECDSA 256]---+
[   54.269093] cloud-init[665]: |o+oo.   +*.      |
[   54.272683] cloud-init[665]: |ooo... +  o      |
[   54.290177] cloud-init[665]: |+ .. .. =        |
[   54.305356] cloud-init[665]: |oo. .  . o       |
[[0;32m  OK  [0m] Started Initial cloud-init job (metadata service crawler).
[   54.323361] cloud-init[665]: |+..  o  S        |
[[0;32m  OK  [0m] Reached target System Initialization.
[[0;32m  OK  [0m] Started Daily Cleanup of Temporary Directories.
[   54.333691] cloud-init[665]: | o  o.=          |
[   54.341575] cloud-init[665]: | . +.+.+         |
         Starting Socket activation for snappy daemon.
[[0;32m  OK  [0m] Listening on UUID daemon activation socket.
[   54.346882] cloud-init[[0;32m  OK  [0m] Started Discard unused blocks once a week.
[[665]: | oEo=*+.o        |[0;32m  OK  [0m] Started Message of the Day.
[
[0;32m  OK  [0m] Listening on ACPID Listen Socket.
[   54.383213] cloud-init[665]: | .=+B=++.        |
[   54.397120] cloud-init[665]: +----[SHA256]-----+
[   54.401781] cloud-init[665]: Generating public/private ed25519 key pair.
[   54.407670] cloud-init[665]: Your identification has been saved in /etc/ssh/ssh_host_ed25519_key.
[   54.412666] cloud-init[665]: Your public key has been saved in /etc/ssh/ssh_host_ed25519_key.pub.
[   54.417379] cloud-init[665]: The key fingerprint is:
         Starting LXD - unix socket.
[[0;32m  OK  [0m] Listening on D-Bus System Message Bus Socket.
[[0;32m  OK  [0m] Started Daily apt download activities.
[[0;32m  OK  [0m] Started Ubuntu Advantage update messaging.
[   54.434345] cloud-init[665]: SHA256:Y2pqMNirUv2Plgdpt9k+JJR6gozYFRxTFuMn0fWj/Xo root@ubuntu-bionic
[   54.489877] cloud-init[665]: The key's randomart image is:
[   54.493439] cloud-init[665]: +--[ED25519 256]--+
[   54.498696] cloud-init[665]: |   .oo*o ..      |
[   54.501746] cloud-init[665]: |    o+ o.  .     |
[   54.504742] cloud-init[665]: |     .o ..  o    |
[   54.508187] cloud-init[665]: |    .  oo  o .   |
[   54.511188] cloud-init[665]: | = = . +S . .    |
[   54.515292] cloud-init[665]: |o B + *o+..  .   |
[   54.518893] cloud-init[665]: | . + oo* *    .  |
[   54.521793] cloud-init[[0;32m  OK  [0m] Started ACPI Events Check.
[[0;32m  OK  [0m] Reached target Paths.
[[0;32m  OK  [0m] Started Daily apt upgrade and clean activities.
[[0;32m  OK  [0m] Reached target Timers.
[[0;32m  OK  [0m] Listening on Open-iSCSI iscsid Socket.
[[0;32m  OK  [0m] Reached target Cloud-config availability.
[[0;32m  OK  [0m] Reached target Network is Online.
[665]: |. . .o+.+ o  .E  |
[   54.546471] cloud-init[665]: |o. ....o......   |
         Starting Availability of block devices...
[[0;32m  OK  [0m] Reached target Remote File Systems (Pre).
[[0;32m  OK  [0m] Reached target Remote File Systems.
[[0;32m  OK  [0m] Listening on Socket activation for snappy daemon.
[[0;32m  OK  [0m] Listening on LXD - unix socket.
[   54.552002] cloud-init[665]: +----[SHA256]-----+
[[0;32m  OK  [0m] Started Availability of block devices.
[[0;32m  OK  [0m] Reached target Sockets.
[[0;32m  OK  [0m] Reached target Basic System.
[[0;32m  OK  [0m] Started Deferred execution scheduler.
         Starting Virtualbox guest utils...
         Starting Login Service...
         Starting Permit User Sessions...
         Starting Accounts Service...
[[0;32m  OK  [0m] Started D-Bus System Message Bus.
[[0;32m  OK  [0m] Started FUSE filesystem for LXC.
         Starting LSB: automatic crash report generation...
[[0;32m  OK  [0m] Started irqbalance daemon.
         Starting LSB: Record successful boot for GRUB...
         Starting LXD - container startup/shutdown...
[[0;32m  OK  [0m] Started Regular background program processing daemon.
         Starting Pollinate to seed the pseudo random number generator...
         Starting Snap Daemon...
         Starting System Logging Service...
         Starting Dispatcher daemon for systemd-networkd...
[[0;32m  OK  [0m] Started Permit User Sessions.
[[0;32m  OK  [0m] Started Login Service.
         Starting Authorization Manager...
[[0;32m  OK  [0m] Started Unattended Upgrades Shutdown.
         Starting Terminate Plymouth Boot Screen...
         Starting Hold until boot process finishes up...
[[0;32m  OK  [0m] Started Hold until boot process finishes up.
[[0;32m  OK  [0m] Started Terminate Plymouth Boot Screen.
         Starting Set console scheme...
[[0;32m  OK  [0m] Started Serial Getty on ttyS0.
[[0;32m  OK  [0m] Started LSB: automatic crash report generation.
[[0;32m  OK  [0m] Started Set console scheme.
[[0;32m  OK  [0m] Created slice system-getty.slice.
[[0;32m  OK  [0m] Started Getty on tty1.
[[0;32m  OK  [0m] Reached target Login Prompts.
[[0;32m  OK  [0m] Started System Logging Service.
[[0;32m  OK  [0m] Started LSB: Record successful boot for GRUB.
[[0;32m  OK  [0m] Started Authorization Manager.
[[0;32m  OK  [0m] Started Accounts Service.
[[0;32m  OK  [0m] Started Virtualbox guest utils.
[[0;32m  OK  [0m] Started LXD - container startup/shutdown.

Ubuntu 18.04.5 LTS ubuntu-bionic ttyS0

ubuntu-bionic login: [   84.141758] cloud-init[1188]: Cloud-init v. 21.1-19-gbad84ad4-0ubuntu1~18.04.2 running 'modules:config' at Thu, 24 Jun 2021 05:31:27 +0000. Up 78.23 seconds.
ci-info: no authorized SSH keys fingerprints found for user ubuntu.
<14>Jun 24 05:31:38 ec2: 
<14>Jun 24 05:31:38 ec2: #############################################################
<14>Jun 24 05:31:38 ec2: -----BEGIN SSH HOST KEY FINGERPRINTS-----
<14>Jun 24 05:31:38 ec2: 1024 SHA256:fGJpqhEezmCwjAfLnvZcj3UOu7fSfSjg2MXd+g4bp0M root@ubuntu-bionic (DSA)
<14>Jun 24 05:31:38 ec2: 256 SHA256:NDxUDA0KiiG9wstg0EG9PzboyN8n7YDLe9qMRnuonGw root@ubuntu-bionic (ECDSA)
<14>Jun 24 05:31:38 ec2: 256 SHA256:Y2pqMNirUv2Plgdpt9k+JJR6gozYFRxTFuMn0fWj/Xo root@ubuntu-bionic (ED25519)
<14>Jun 24 05:31:38 ec2: 2048 SHA256:lkt+e0XM+iNZrfN9HcbL9qklhRuP1pgm5DY4hGxNSK0 root@ubuntu-bionic (RSA)
<14>Jun 24 05:31:38 ec2: -----END SSH HOST KEY FINGERPRINTS-----
<14>Jun 24 05:31:38 ec2: #############################################################
-----BEGIN SSH HOST KEY KEYS-----
ecdsa-sha2-nistp256 AAAAE2VjZHNhLXNoYTItbmlzdHAyNTYAAAAIbmlzdHAyNTYAAABBBBF5RNVPmSV1JOqD2OATrLyxmu3+XGGDkYFahfCE79uS1hLcIMrlMq9BNx9SBJdJi5s4B+tcOQSoJTpuzDLl3+0= root@ubuntu-bionic
ssh-ed25519 AAAAC3NzaC1lZDI1NTE5AAAAIJE/TnPumW6tkRyQxpRnqBlln9tcd//SpdZxKmbZiKQo root@ubuntu-bionic
ssh-rsa AAAAB3NzaC1yc2EAAAADAQABAAABAQC9ucHzan5Mj6JTn9I7XacJOgar2Cd2br8irLKej/3HbYYMNtnyKQW27FF+twQisEOjpTXwP1ObrnsRr957hT8y9iB7ZbCT3bN1JxQWGIQfL3/B1edJRzsErZPjTVVcZzaAzlMNr7zAe5NYwqJHKDZK7RWHyMqONxnkZwblGeNszYFZoCM+wpBuQO+YrfpXbSw0K4HIU0N6lVyXNaeOI26cAy4a/RtKP5MkvHVwJ4/PUlIoRSWSjtg7W4Bq+4zhCQ88PkOLzBPl3njdGIX6gDvFSho8Jdq1yVzwkxJR4IDVmAfVQtJv+sttmDMm5zZWftAuIw4NanM2e40Os8J4vpRT root@ubuntu-bionic
-----END SSH HOST KEY KEYS-----
[   88.685731] cloud-init[1357]: Cloud-init v. 21.1-19-gbad84ad4-0ubuntu1~18.04.2 running 'modules:final' at Thu, 24 Jun 2021 05:31:37 +0000. Up 87.53 seconds.
[   88.693558] cloud-init[1357]: ci-info: no authorized SSH keys fingerprints found for user ubuntu.
[   88.694479] cloud-init[1357]: Cloud-init v. 21.1-19-gbad84ad4-0ubuntu1~18.04.2 finished at Thu, 24 Jun 2021 05:31:38 +0000. Datasource DataSourceNoCloud [seed=/dev/sdb][dsmode=net].  Up 88.60 seconds
